2023-01-16 14:33:01,512 INFO c.d.h.l.LeitorJdbcSpringBatchApplication [main] Starting LeitorJdbcSpringBatchApplication using Java 17.0.5 on Aurora with PID 7916 (C:\sefaz\gitlab\LeitorJDBC-SpringBatch\target\classes started by leona in C:\sefaz\gitlab\LeitorJDBC-SpringBatch)
2023-01-16 14:33:01,516 INFO c.d.h.l.LeitorJdbcSpringBatchApplication [main] No active profile set, falling back to 1 default profile: "default"
2023-01-16 14:33:02,157 INFO c.z.h.HikariDataSource [main] HikariPool-1 - Starting...
2023-01-16 14:33:02,444 INFO c.z.h.HikariDataSource [main] HikariPool-1 - Start completed.
2023-01-16 14:33:02,606 INFO o.s.b.c.r.s.JobRepositoryFactoryBean [main] No database type set, using meta data indicating: MYSQL
2023-01-16 14:33:02,773 INFO o.s.b.c.l.s.SimpleJobLauncher [main] No TaskExecutor has been set, defaulting to synchronous executor.
2023-01-16 14:33:02,854 INFO c.d.h.l.LeitorJdbcSpringBatchApplication [main] Started LeitorJdbcSpringBatchApplication in 1.807 seconds (JVM running for 2.562)
2023-01-16 14:33:02,855 INFO o.s.b.a.b.JobLauncherApplicationRunner [main] Running default command line with: []
2023-01-16 14:33:02,859 INFO c.z.h.HikariDataSource [SpringApplicationShutdownHook] HikariPool-1 - Shutdown initiated...
2023-01-16 14:33:02,873 INFO c.z.h.HikariDataSource [SpringApplicationShutdownHook] HikariPool-1 - Shutdown completed.
2023-01-16 14:35:43,348 INFO c.d.h.l.LeitorJdbcSpringBatchApplication [main] Starting LeitorJdbcSpringBatchApplication using Java 17.0.5 on Aurora with PID 22584 (C:\sefaz\gitlab\LeitorJDBC-SpringBatch\target\classes started by leona in C:\sefaz\gitlab\LeitorJDBC-SpringBatch)
2023-01-16 14:35:43,351 INFO c.d.h.l.LeitorJdbcSpringBatchApplication [main] No active profile set, falling back to 1 default profile: "default"
2023-01-16 14:35:44,046 INFO c.z.h.HikariDataSource [main] HikariPool-1 - Starting...
2023-01-16 14:35:44,354 INFO c.z.h.HikariDataSource [main] HikariPool-1 - Start completed.
2023-01-16 14:35:44,505 INFO o.s.b.c.r.s.JobRepositoryFactoryBean [main] No database type set, using meta data indicating: MYSQL
2023-01-16 14:35:44,709 INFO o.s.b.c.l.s.SimpleJobLauncher [main] No TaskExecutor has been set, defaulting to synchronous executor.
2023-01-16 14:35:44,820 INFO c.d.h.l.LeitorJdbcSpringBatchApplication [main] Started LeitorJdbcSpringBatchApplication in 1.964 seconds (JVM running for 2.948)
2023-01-16 14:35:44,821 INFO o.s.b.a.b.JobLauncherApplicationRunner [main] Running default command line with: []
2023-01-16 14:35:44,952 INFO o.s.b.c.l.s.SimpleJobLauncher [main] Job: [SimpleJob: [name=jdbcCursorJob]] launched with the following parameters: [{run.id=1}]
2023-01-16 14:35:45,022 INFO o.s.b.c.j.SimpleStepHandler [main] Executing step: [jdbcStepXD]
2023-01-16 14:35:45,030 INFO c.z.h.HikariDataSource [main] HikariPool-2 - Starting...
2023-01-16 14:35:45,052 INFO c.z.h.HikariDataSource [main] HikariPool-2 - Start completed.
2023-01-16 14:35:45,143 INFO o.s.b.c.s.AbstractStep [main] Step: [jdbcStepXD] executed in 119ms
2023-01-16 14:35:45,165 INFO o.s.b.c.l.s.SimpleJobLauncher [main] Job: [SimpleJob: [name=jdbcCursorJob]] completed with the following parameters: [{run.id=1}] and the following status: [COMPLETED] in 165ms
2023-01-16 14:35:45,177 INFO c.z.h.HikariDataSource [SpringApplicationShutdownHook] HikariPool-2 - Shutdown initiated...
2023-01-16 14:35:45,210 INFO c.z.h.HikariDataSource [SpringApplicationShutdownHook] HikariPool-2 - Shutdown completed.
2023-01-16 14:35:45,211 INFO c.z.h.HikariDataSource [SpringApplicationShutdownHook] HikariPool-1 - Shutdown initiated...
2023-01-16 14:35:45,242 INFO c.z.h.HikariDataSource [SpringApplicationShutdownHook] HikariPool-1 - Shutdown completed.
